Flow report for labII
Wed Apr 26 12:15:32 2023
Quartus II 64-Bit Version 13.0.1 Build 232 06/12/2013 Service Pack 1 SJ Web Edition


---------------------
; Table of Contents ;
---------------------
  1. Legal Notice
  2. Flow Summary
  3. Flow Settings
  4. Flow Non-Default Global Settings
  5. Flow Elapsed Time
  6. Flow OS Summary
  7. Flow Log
  8. Flow Messages
  9. Flow Suppressed Messages



----------------
; Legal Notice ;
----------------
Copyright (C) 1991-2013 Altera Corporation
Your use of Altera Corporation's design tools, logic functions 
and other software and tools, and its AMPP partner logic 
functions, and any output files from any of the foregoing 
(including device programming or simulation files), and any 
associated documentation or information are expressly subject 
to the terms and conditions of the Altera Program License 
Subscription Agreement, Altera MegaCore Function License 
Agreement, or other applicable license agreement, including, 
without limitation, that your use is for the sole purpose of 
programming logic devices manufactured by Altera and sold by 
Altera or its authorized distributors.  Please refer to the 
applicable agreement for further details.



+--------------------------------------------------------------------------------------+
; Flow Summary                                                                         ;
+------------------------------------+-------------------------------------------------+
; Flow Status                        ; Successful - Wed Apr 26 12:15:32 2023           ;
; Quartus II 64-Bit Version          ; 13.0.1 Build 232 06/12/2013 SP 1 SJ Web Edition ;
; Revision Name                      ; labII                                           ;
; Top-level Entity Name              ; labII                                           ;
; Family                             ; Cyclone II                                      ;
; Device                             ; EP2C70F896C6                                    ;
; Timing Models                      ; Final                                           ;
; Total logic elements               ; 196 / 68,416 ( < 1 % )                          ;
;     Total combinational functions  ; 194 / 68,416 ( < 1 % )                          ;
;     Dedicated logic registers      ; 85 / 68,416 ( < 1 % )                           ;
; Total registers                    ; 85                                              ;
; Total pins                         ; 46 / 622 ( 7 % )                                ;
; Total virtual pins                 ; 0                                               ;
; Total memory bits                  ; 0 / 1,152,000 ( 0 % )                           ;
; Embedded Multiplier 9-bit elements ; 0 / 300 ( 0 % )                                 ;
; Total PLLs                         ; 0 / 4 ( 0 % )                                   ;
+------------------------------------+-------------------------------------------------+


+-----------------------------------------+
; Flow Settings                           ;
+-------------------+---------------------+
; Option            ; Setting             ;
+-------------------+---------------------+
; Start date & time ; 04/26/2023 12:15:13 ;
; Main task         ; Compilation         ;
; Revision Name     ; labII               ;
+-------------------+---------------------+


+----------------------------------------------------------------------------------------------------------------------+
; Flow Non-Default Global Settings                                                                                     ;
+-------------------------------------+---------------------------------+---------------+-------------+----------------+
; Assignment Name                     ; Value                           ; Default Value ; Entity Name ; Section Id     ;
+-------------------------------------+---------------------------------+---------------+-------------+----------------+
; COMPILER_SIGNATURE_ID               ; 119071796937878.168252931208460 ; --            ; --          ; --             ;
; EDA_GENERATE_FUNCTIONAL_NETLIST     ; On                              ; --            ; --          ; eda_simulation ;
; EDA_OUTPUT_DATA_FORMAT              ; Verilog Hdl                     ; --            ; --          ; eda_simulation ;
; EDA_SIMULATION_TOOL                 ; ModelSim-Altera (Verilog)       ; <None>        ; --          ; --             ;
; IP_TOOL_NAME                        ; LPM_COUNTER                     ; --            ; --          ; --             ;
; IP_TOOL_NAME                        ; LPM_COUNTER                     ; --            ; --          ; --             ;
; IP_TOOL_NAME                        ; LPM_COUNTER                     ; --            ; --          ; --             ;
; IP_TOOL_NAME                        ; LPM_COUNTER                     ; --            ; --          ; --             ;
; IP_TOOL_NAME                        ; LPM_COUNTER                     ; --            ; --          ; --             ;
; IP_TOOL_NAME                        ; LPM_COUNTER                     ; --            ; --          ; --             ;
; IP_TOOL_NAME                        ; LPM_COUNTER                     ; --            ; --          ; --             ;
; IP_TOOL_NAME                        ; LPM_COUNTER                     ; --            ; --          ; --             ;
; IP_TOOL_NAME                        ; LPM_COUNTER                     ; --            ; --          ; --             ;
; IP_TOOL_NAME                        ; LPM_COUNTER                     ; --            ; --          ; --             ;
; IP_TOOL_NAME                        ; LPM_COUNTER                     ; --            ; --          ; --             ;
; IP_TOOL_NAME                        ; LPM_COUNTER                     ; --            ; --          ; --             ;
; IP_TOOL_NAME                        ; LPM_MUX                         ; --            ; --          ; --             ;
; IP_TOOL_VERSION                     ; 13.0                            ; --            ; --          ; --             ;
; IP_TOOL_VERSION                     ; 13.0                            ; --            ; --          ; --             ;
; IP_TOOL_VERSION                     ; 13.0                            ; --            ; --          ; --             ;
; IP_TOOL_VERSION                     ; 13.0                            ; --            ; --          ; --             ;
; IP_TOOL_VERSION                     ; 13.0                            ; --            ; --          ; --             ;
; IP_TOOL_VERSION                     ; 13.0                            ; --            ; --          ; --             ;
; IP_TOOL_VERSION                     ; 13.0                            ; --            ; --          ; --             ;
; IP_TOOL_VERSION                     ; 13.0                            ; --            ; --          ; --             ;
; IP_TOOL_VERSION                     ; 13.0                            ; --            ; --          ; --             ;
; IP_TOOL_VERSION                     ; 13.0                            ; --            ; --          ; --             ;
; IP_TOOL_VERSION                     ; 13.0                            ; --            ; --          ; --             ;
; IP_TOOL_VERSION                     ; 13.0                            ; --            ; --          ; --             ;
; IP_TOOL_VERSION                     ; 13.0                            ; --            ; --          ; --             ;
; MAX_CORE_JUNCTION_TEMP              ; 85                              ; --            ; --          ; --             ;
; MIN_CORE_JUNCTION_TEMP              ; 0                               ; --            ; --          ; --             ;
; MISC_FILE                           ; lpm_counter0.bsf                ; --            ; --          ; --             ;
; MISC_FILE                           ; lpm_counter0.cmp                ; --            ; --          ; --             ;
; MISC_FILE                           ; lpm_counter50.bsf               ; --            ; --          ; --             ;
; MISC_FILE                           ; lpm_counter50.cmp               ; --            ; --          ; --             ;
; MISC_FILE                           ; lpm_counter1.bsf                ; --            ; --          ; --             ;
; MISC_FILE                           ; lpm_counter1.cmp                ; --            ; --          ; --             ;
; MISC_FILE                           ; lpm_counter2.bsf                ; --            ; --          ; --             ;
; MISC_FILE                           ; lpm_counter2.cmp                ; --            ; --          ; --             ;
; MISC_FILE                           ; lpm_counter3.bsf                ; --            ; --          ; --             ;
; MISC_FILE                           ; lpm_counter3.cmp                ; --            ; --          ; --             ;
; MISC_FILE                           ; lpm_counter4.bsf                ; --            ; --          ; --             ;
; MISC_FILE                           ; lpm_counter4.cmp                ; --            ; --          ; --             ;
; MISC_FILE                           ; lpm_counter5.bsf                ; --            ; --          ; --             ;
; MISC_FILE                           ; lpm_counter5.cmp                ; --            ; --          ; --             ;
; MISC_FILE                           ; lpm_counter6.bsf                ; --            ; --          ; --             ;
; MISC_FILE                           ; lpm_counter6.cmp                ; --            ; --          ; --             ;
; MISC_FILE                           ; lpm_counter7.bsf                ; --            ; --          ; --             ;
; MISC_FILE                           ; lpm_counter7.cmp                ; --            ; --          ; --             ;
; MISC_FILE                           ; lpm_counter8.bsf                ; --            ; --          ; --             ;
; MISC_FILE                           ; lpm_counter8.cmp                ; --            ; --          ; --             ;
; MISC_FILE                           ; lpm_counter9.bsf                ; --            ; --          ; --             ;
; MISC_FILE                           ; lpm_counter9.cmp                ; --            ; --          ; --             ;
; MISC_FILE                           ; lpm_counter10.bsf               ; --            ; --          ; --             ;
; MISC_FILE                           ; lpm_counter10.cmp               ; --            ; --          ; --             ;
; MISC_FILE                           ; lpm_mux0.bsf                    ; --            ; --          ; --             ;
; MISC_FILE                           ; lpm_mux0.cmp                    ; --            ; --          ; --             ;
; PARTITION_COLOR                     ; 16764057                        ; --            ; --          ; Top            ;
; PARTITION_FITTER_PRESERVATION_LEVEL ; PLACEMENT_AND_ROUTING           ; --            ; --          ; Top            ;
; PARTITION_NETLIST_TYPE              ; SOURCE                          ; --            ; --          ; Top            ;
; PROJECT_OUTPUT_DIRECTORY            ; output_files                    ; --            ; --          ; --             ;
+-------------------------------------+---------------------------------+---------------+-------------+----------------+


+-------------------------------------------------------------------------------------------------------------------------------+
; Flow Elapsed Time                                                                                                             ;
+---------------------------+--------------+-------------------------+---------------------+------------------------------------+
; Module Name               ; Elapsed Time ; Average Processors Used ; Peak Virtual Memory ; Total CPU Time (on all processors) ;
+---------------------------+--------------+-------------------------+---------------------+------------------------------------+
; Analysis & Synthesis      ; 00:00:03     ; 1.0                     ; 4642 MB             ; 00:00:03                           ;
; Fitter                    ; 00:00:08     ; 1.0                     ; 4900 MB             ; 00:00:08                           ;
; Assembler                 ; 00:00:03     ; 1.0                     ; 4565 MB             ; 00:00:03                           ;
; TimeQuest Timing Analyzer ; 00:00:02     ; 1.0                     ; 4548 MB             ; 00:00:02                           ;
; EDA Netlist Writer        ; 00:00:00     ; 1.0                     ; 4525 MB             ; 00:00:00                           ;
; Total                     ; 00:00:16     ; --                      ; --                  ; 00:00:16                           ;
+---------------------------+--------------+-------------------------+---------------------+------------------------------------+


+----------------------------------------------------------------------------------------+
; Flow OS Summary                                                                        ;
+---------------------------+------------------+-----------+------------+----------------+
; Module Name               ; Machine Hostname ; OS Name   ; OS Version ; Processor type ;
+---------------------------+------------------+-----------+------------+----------------+
; Analysis & Synthesis      ; PC-53957465      ; Windows 7 ; 6.2        ; x86_64         ;
; Fitter                    ; PC-53957465      ; Windows 7 ; 6.2        ; x86_64         ;
; Assembler                 ; PC-53957465      ; Windows 7 ; 6.2        ; x86_64         ;
; TimeQuest Timing Analyzer ; PC-53957465      ; Windows 7 ; 6.2        ; x86_64         ;
; EDA Netlist Writer        ; PC-53957465      ; Windows 7 ; 6.2        ; x86_64         ;
+---------------------------+------------------+-----------+------------+----------------+


------------
; Flow Log ;
------------
quartus_map --read_settings_files=on --write_settings_files=off labII -c labII
quartus_fit --read_settings_files=off --write_settings_files=off labII -c labII
quartus_asm --read_settings_files=off --write_settings_files=off labII -c labII
quartus_sta labII -c labII
quartus_eda --read_settings_files=off --write_settings_files=off labII -c labII



