Analysis & Synthesis report for labII
Tue Apr 25 22:16:24 2023
Quartus II 64-Bit Version 13.0.1 Build 232 06/12/2013 Service Pack 1 SJ Web Edition


---------------------
; Table of Contents ;
---------------------
  1. Legal Notice
  2. Analysis & Synthesis Summary
  3. Analysis & Synthesis Settings
  4. Parallel Compilation
  5. Analysis & Synthesis IP Cores Summary
  6. Parameter Settings for User Entity Instance: reg7seg:inst6|LPM_DFF:inst
  7. Parameter Settings for User Entity Instance: Hora:inst|lpm_counter5:inst9|lpm_counter:LPM_COUNTER_component
  8. Parameter Settings for User Entity Instance: Hora:inst|lpm_counter4:inst10|lpm_counter:LPM_COUNTER_component
  9. Parameter Settings for User Entity Instance: Hora:inst|lpm_counter1:inst3|lpm_counter:LPM_COUNTER_component
 10. Parameter Settings for User Entity Instance: Hora:inst|lpm_counter1:inst2|lpm_counter:LPM_COUNTER_component
 11. Parameter Settings for User Entity Instance: Hora:inst|lpm_counter50:inst1|lpm_counter:LPM_COUNTER_component
 12. Parameter Settings for User Entity Instance: Hora:inst|lpm_counter0:inst0|lpm_counter:LPM_COUNTER_component
 13. Parameter Settings for User Entity Instance: Hora:inst|lpm_counter2:inst6|lpm_counter:LPM_COUNTER_component
 14. Parameter Settings for User Entity Instance: Hora:inst|lpm_counter3:inst7|lpm_counter:LPM_COUNTER_component
 15. Parameter Settings for User Entity Instance: Hora:inst|lpm_counter2:inst4|lpm_counter:LPM_COUNTER_component
 16. Parameter Settings for User Entity Instance: Hora:inst|lpm_counter3:inst5|lpm_counter:LPM_COUNTER_component
 17. Parameter Settings for User Entity Instance: reg7seg:inst14|LPM_DFF:inst
 18. Parameter Settings for User Entity Instance: Alarma:inst7|lpm_counter8:inst2|lpm_counter:LPM_COUNTER_component
 19. Parameter Settings for User Entity Instance: Alarma:inst7|lpm_counter7:inst|lpm_counter:LPM_COUNTER_component
 20. Parameter Settings for User Entity Instance: Alarma:inst7|lpm_counter10:inst9|lpm_counter:LPM_COUNTER_component
 21. Parameter Settings for User Entity Instance: Alarma:inst7|lpm_counter9:inst5|lpm_counter:LPM_COUNTER_component
 22. Parameter Settings for User Entity Instance: reg7seg:inst5|LPM_DFF:inst
 23. Parameter Settings for User Entity Instance: reg7seg:inst12|LPM_DFF:inst
 24. Parameter Settings for User Entity Instance: reg7seg:inst4|LPM_DFF:inst
 25. Parameter Settings for User Entity Instance: reg7seg:inst10|LPM_DFF:inst
 26. Parameter Settings for User Entity Instance: reg7seg:inst3|LPM_DFF:inst
 27. Parameter Settings for User Entity Instance: reg7seg:inst8|LPM_DFF:inst
 28. Parameter Settings for User Entity Instance: reg7seg:inst2|LPM_DFF:inst
 29. Parameter Settings for User Entity Instance: reg7seg:inst1|LPM_DFF:inst
 30. Elapsed Time Per Partition
 31. Analysis & Synthesis Messages



----------------
; Legal Notice ;
----------------
Copyright (C) 1991-2013 Altera Corporation
Your use of Altera Corporation's design tools, logic functions 
and other software and tools, and its AMPP partner logic 
functions, and any output files from any of the foregoing 
(including device programming or simulation files), and any 
associated documentation or information are expressly subject 
to the terms and conditions of the Altera Program License 
Subscription Agreement, Altera MegaCore Function License 
Agreement, or other applicable license agreement, including, 
without limitation, that your use is for the sole purpose of 
programming logic devices manufactured by Altera and sold by 
Altera or its authorized distributors.  Please refer to the 
applicable agreement for further details.



+--------------------------------------------------------------------------------------+
; Analysis & Synthesis Summary                                                         ;
+------------------------------------+-------------------------------------------------+
; Analysis & Synthesis Status        ; Failed - Tue Apr 25 22:16:24 2023               ;
; Quartus II 64-Bit Version          ; 13.0.1 Build 232 06/12/2013 SP 1 SJ Web Edition ;
; Revision Name                      ; labII                                           ;
; Top-level Entity Name              ; labII                                           ;
; Family                             ; Cyclone II                                      ;
; Total logic elements               ; N/A until Partition Merge                       ;
;     Total combinational functions  ; N/A until Partition Merge                       ;
;     Dedicated logic registers      ; N/A until Partition Merge                       ;
; Total registers                    ; N/A until Partition Merge                       ;
; Total pins                         ; N/A until Partition Merge                       ;
; Total virtual pins                 ; N/A until Partition Merge                       ;
; Total memory bits                  ; N/A until Partition Merge                       ;
; Embedded Multiplier 9-bit elements ; N/A until Partition Merge                       ;
; Total PLLs                         ; N/A until Partition Merge                       ;
+------------------------------------+-------------------------------------------------+


+----------------------------------------------------------------------------------------------------------------------+
; Analysis & Synthesis Settings                                                                                        ;
+----------------------------------------------------------------------------+--------------------+--------------------+
; Option                                                                     ; Setting            ; Default Value      ;
+----------------------------------------------------------------------------+--------------------+--------------------+
; Device                                                                     ; EP2C70F896C6       ;                    ;
; Top-level entity name                                                      ; labII              ; labII              ;
; Family name                                                                ; Cyclone II         ; Cyclone IV GX      ;
; Use smart compilation                                                      ; Off                ; Off                ;
; Enable parallel Assembler and TimeQuest Timing Analyzer during compilation ; On                 ; On                 ;
; Enable compact report table                                                ; Off                ; Off                ;
; Restructure Multiplexers                                                   ; Auto               ; Auto               ;
; Create Debugging Nodes for IP Cores                                        ; Off                ; Off                ;
; Preserve fewer node names                                                  ; On                 ; On                 ;
; Disable OpenCore Plus hardware evaluation                                  ; Off                ; Off                ;
; Verilog Version                                                            ; Verilog_2001       ; Verilog_2001       ;
; VHDL Version                                                               ; VHDL_1993          ; VHDL_1993          ;
; State Machine Processing                                                   ; Auto               ; Auto               ;
; Safe State Machine                                                         ; Off                ; Off                ;
; Extract Verilog State Machines                                             ; On                 ; On                 ;
; Extract VHDL State Machines                                                ; On                 ; On                 ;
; Ignore Verilog initial constructs                                          ; Off                ; Off                ;
; Iteration limit for constant Verilog loops                                 ; 5000               ; 5000               ;
; Iteration limit for non-constant Verilog loops                             ; 250                ; 250                ;
; Add Pass-Through Logic to Inferred RAMs                                    ; On                 ; On                 ;
; Infer RAMs from Raw Logic                                                  ; On                 ; On                 ;
; Parallel Synthesis                                                         ; On                 ; On                 ;
; DSP Block Balancing                                                        ; Auto               ; Auto               ;
; NOT Gate Push-Back                                                         ; On                 ; On                 ;
; Power-Up Don't Care                                                        ; On                 ; On                 ;
; Remove Redundant Logic Cells                                               ; Off                ; Off                ;
; Remove Duplicate Registers                                                 ; On                 ; On                 ;
; Ignore CARRY Buffers                                                       ; Off                ; Off                ;
; Ignore CASCADE Buffers                                                     ; Off                ; Off                ;
; Ignore GLOBAL Buffers                                                      ; Off                ; Off                ;
; Ignore ROW GLOBAL Buffers                                                  ; Off                ; Off                ;
; Ignore LCELL Buffers                                                       ; Off                ; Off                ;
; Ignore SOFT Buffers                                                        ; On                 ; On                 ;
; Limit AHDL Integers to 32 Bits                                             ; Off                ; Off                ;
; Optimization Technique                                                     ; Balanced           ; Balanced           ;
; Carry Chain Length                                                         ; 70                 ; 70                 ;
; Auto Carry Chains                                                          ; On                 ; On                 ;
; Auto Open-Drain Pins                                                       ; On                 ; On                 ;
; Perform WYSIWYG Primitive Resynthesis                                      ; Off                ; Off                ;
; Auto ROM Replacement                                                       ; On                 ; On                 ;
; Auto RAM Replacement                                                       ; On                 ; On                 ;
; Auto Shift Register Replacement                                            ; Auto               ; Auto               ;
; Allow Shift Register Merging across Hierarchies                            ; Auto               ; Auto               ;
; Auto Clock Enable Replacement                                              ; On                 ; On                 ;
; Strict RAM Replacement                                                     ; Off                ; Off                ;
; Allow Synchronous Control Signals                                          ; On                 ; On                 ;
; Force Use of Synchronous Clear Signals                                     ; Off                ; Off                ;
; Auto RAM to Logic Cell Conversion                                          ; Off                ; Off                ;
; Auto Resource Sharing                                                      ; Off                ; Off                ;
; Allow Any RAM Size For Recognition                                         ; Off                ; Off                ;
; Allow Any ROM Size For Recognition                                         ; Off                ; Off                ;
; Allow Any Shift Register Size For Recognition                              ; Off                ; Off                ;
; Use LogicLock Constraints during Resource Balancing                        ; On                 ; On                 ;
; Ignore translate_off and synthesis_off directives                          ; Off                ; Off                ;
; Timing-Driven Synthesis                                                    ; Off                ; Off                ;
; Report Parameter Settings                                                  ; On                 ; On                 ;
; Report Source Assignments                                                  ; On                 ; On                 ;
; Report Connectivity Checks                                                 ; On                 ; On                 ;
; Ignore Maximum Fan-Out Assignments                                         ; Off                ; Off                ;
; Synchronization Register Chain Length                                      ; 2                  ; 2                  ;
; PowerPlay Power Optimization                                               ; Normal compilation ; Normal compilation ;
; HDL message level                                                          ; Level2             ; Level2             ;
; Suppress Register Optimization Related Messages                            ; Off                ; Off                ;
; Number of Removed Registers Reported in Synthesis Report                   ; 5000               ; 5000               ;
; Number of Swept Nodes Reported in Synthesis Report                         ; 5000               ; 5000               ;
; Number of Inverted Registers Reported in Synthesis Report                  ; 100                ; 100                ;
; Clock MUX Protection                                                       ; On                 ; On                 ;
; Auto Gated Clock Conversion                                                ; Off                ; Off                ;
; Block Design Naming                                                        ; Auto               ; Auto               ;
; SDC constraint protection                                                  ; Off                ; Off                ;
; Synthesis Effort                                                           ; Auto               ; Auto               ;
; Shift Register Replacement - Allow Asynchronous Clear Signal               ; On                 ; On                 ;
; Pre-Mapping Resynthesis Optimization                                       ; Off                ; Off                ;
; Analysis & Synthesis Message Level                                         ; Medium             ; Medium             ;
; Disable Register Merging Across Hierarchies                                ; Auto               ; Auto               ;
; Resource Aware Inference For Block RAM                                     ; On                 ; On                 ;
; Synthesis Seed                                                             ; 1                  ; 1                  ;
+----------------------------------------------------------------------------+--------------------+--------------------+


Parallel compilation was disabled, but you have multiple processors available. Enable parallel compilation to reduce compilation time.
+-------------------------------------+
; Parallel Compilation                ;
+----------------------------+--------+
; Processors                 ; Number ;
+----------------------------+--------+
; Number detected on machine ; 6      ;
; Maximum allowed            ; 1      ;
+----------------------------+--------+


+----------------------------------------------------------------------------------------------------------------------------------------------------------------+
; Analysis & Synthesis IP Cores Summary                                                                                                                          ;
+--------+--------------+---------+--------------+--------------+-----------------------------------------+------------------------------------------------------+
; Vendor ; IP Core Name ; Version ; Release Date ; License Type ; Entity Instance                         ; IP Include File                                      ;
+--------+--------------+---------+--------------+--------------+-----------------------------------------+------------------------------------------------------+
; Altera ; LPM_COUNTER  ; 13.0    ; N/A          ; N/A          ; |labII|Hora:inst|lpm_counter0:inst0     ; /home/lazk3r/Documents/labII/labII/lpm_counter0.vhd  ;
; Altera ; LPM_COUNTER  ; 13.0    ; N/A          ; N/A          ; |labII|Hora:inst|lpm_counter50:inst1    ; /home/lazk3r/Documents/labII/labII/lpm_counter50.vhd ;
; Altera ; LPM_COUNTER  ; 13.0    ; N/A          ; N/A          ; |labII|Hora:inst|lpm_counter1:inst2     ; /home/lazk3r/Documents/labII/labII/lpm_counter1.vhd  ;
; Altera ; LPM_COUNTER  ; 13.0    ; N/A          ; N/A          ; |labII|Hora:inst|lpm_counter1:inst3     ; /home/lazk3r/Documents/labII/labII/lpm_counter1.vhd  ;
; Altera ; LPM_COUNTER  ; 13.0    ; N/A          ; N/A          ; |labII|Hora:inst|lpm_counter2:inst4     ; /home/lazk3r/Documents/labII/labII/lpm_counter2.vhd  ;
; Altera ; LPM_COUNTER  ; 13.0    ; N/A          ; N/A          ; |labII|Hora:inst|lpm_counter3:inst5     ; /home/lazk3r/Documents/labII/labII/lpm_counter3.vhd  ;
; Altera ; LPM_COUNTER  ; 13.0    ; N/A          ; N/A          ; |labII|Hora:inst|lpm_counter2:inst6     ; /home/lazk3r/Documents/labII/labII/lpm_counter2.vhd  ;
; Altera ; LPM_COUNTER  ; 13.0    ; N/A          ; N/A          ; |labII|Hora:inst|lpm_counter3:inst7     ; /home/lazk3r/Documents/labII/labII/lpm_counter3.vhd  ;
; Altera ; LPM_COUNTER  ; 13.0    ; N/A          ; N/A          ; |labII|Hora:inst|lpm_counter5:inst9     ; /home/lazk3r/Documents/labII/labII/lpm_counter5.vhd  ;
; Altera ; LPM_COUNTER  ; 13.0    ; N/A          ; N/A          ; |labII|Hora:inst|lpm_counter4:inst10    ; /home/lazk3r/Documents/labII/labII/lpm_counter4.vhd  ;
; Altera ; LPM_COUNTER  ; 13.0    ; N/A          ; N/A          ; |labII|Alarma:inst7|lpm_counter7:inst   ; /home/lazk3r/Documents/labII/labII/lpm_counter7.vhd  ;
; Altera ; LPM_COUNTER  ; 13.0    ; N/A          ; N/A          ; |labII|Alarma:inst7|lpm_counter8:inst2  ; /home/lazk3r/Documents/labII/labII/lpm_counter8.vhd  ;
; Altera ; LPM_COUNTER  ; 13.0    ; N/A          ; N/A          ; |labII|Alarma:inst7|lpm_counter9:inst5  ; /home/lazk3r/Documents/labII/labII/lpm_counter9.vhd  ;
; Altera ; LPM_COUNTER  ; 13.0    ; N/A          ; N/A          ; |labII|Alarma:inst7|lpm_counter10:inst9 ; /home/lazk3r/Documents/labII/labII/lpm_counter10.vhd ;
+--------+--------------+---------+--------------+--------------+-----------------------------------------+------------------------------------------------------+


+-------------------------------------------------------------------------+
; Parameter Settings for User Entity Instance: reg7seg:inst6|LPM_DFF:inst ;
+------------------------+------------+-----------------------------------+
; Parameter Name         ; Value      ; Type                              ;
+------------------------+------------+-----------------------------------+
; LPM_WIDTH              ; 7          ; Signed Integer                    ;
; LPM_AVALUE             ; 0          ; Untyped                           ;
; LPM_SVALUE             ; 0          ; Untyped                           ;
; DEVICE_FAMILY          ; Cyclone II ; Untyped                           ;
; AUTO_CARRY_CHAINS      ; ON         ; AUTO_CARRY                        ;
; IGNORE_CARRY_BUFFERS   ; OFF        ; IGNORE_CARRY                      ;
; AUTO_CASCADE_CHAINS    ; ON         ; AUTO_CASCADE                      ;
; IGNORE_CASCADE_BUFFERS ; OFF        ; IGNORE_CASCADE                    ;
+------------------------+------------+-----------------------------------+
Note: In order to hide this table in the UI and the text report file, please set the "Show Parameter Settings in Synthesis Report" option in "Analysis and Synthesis Settings -> More Settings" to "Off".


+-------------------------------------------------------------------------------------------------------------+
; Parameter Settings for User Entity Instance: Hora:inst|lpm_counter5:inst9|lpm_counter:LPM_COUNTER_component ;
+------------------------+-------------+----------------------------------------------------------------------+
; Parameter Name         ; Value       ; Type                                                                 ;
+------------------------+-------------+----------------------------------------------------------------------+
; AUTO_CARRY_CHAINS      ; ON          ; AUTO_CARRY                                                           ;
; IGNORE_CARRY_BUFFERS   ; OFF         ; IGNORE_CARRY                                                         ;
; AUTO_CASCADE_CHAINS    ; ON          ; AUTO_CASCADE                                                         ;
; IGNORE_CASCADE_BUFFERS ; OFF         ; IGNORE_CASCADE                                                       ;
; LPM_WIDTH              ; 2           ; Signed Integer                                                       ;
; LPM_DIRECTION          ; UP          ; Untyped                                                              ;
; LPM_MODULUS            ; 3           ; Signed Integer                                                       ;
; LPM_AVALUE             ; UNUSED      ; Untyped                                                              ;
; LPM_SVALUE             ; UNUSED      ; Untyped                                                              ;
; LPM_PORT_UPDOWN        ; PORT_UNUSED ; Untyped                                                              ;
; DEVICE_FAMILY          ; Cyclone II  ; Untyped                                                              ;
; CARRY_CHAIN            ; MANUAL      ; Untyped                                                              ;
; CARRY_CHAIN_LENGTH     ; 48          ; CARRY_CHAIN_LENGTH                                                   ;
; NOT_GATE_PUSH_BACK     ; ON          ; NOT_GATE_PUSH_BACK                                                   ;
; CARRY_CNT_EN           ; SMART       ; Untyped                                                              ;
; LABWIDE_SCLR           ; ON          ; Untyped                                                              ;
; USE_NEW_VERSION        ; TRUE        ; Untyped                                                              ;
; CBXI_PARAMETER         ; cntr_pcj    ; Untyped                                                              ;
+------------------------+-------------+----------------------------------------------------------------------+
Note: In order to hide this table in the UI and the text report file, please set the "Show Parameter Settings in Synthesis Report" option in "Analysis and Synthesis Settings -> More Settings" to "Off".


+--------------------------------------------------------------------------------------------------------------+
; Parameter Settings for User Entity Instance: Hora:inst|lpm_counter4:inst10|lpm_counter:LPM_COUNTER_component ;
+------------------------+-------------+-----------------------------------------------------------------------+
; Parameter Name         ; Value       ; Type                                                                  ;
+------------------------+-------------+-----------------------------------------------------------------------+
; AUTO_CARRY_CHAINS      ; ON          ; AUTO_CARRY                                                            ;
; IGNORE_CARRY_BUFFERS   ; OFF         ; IGNORE_CARRY                                                          ;
; AUTO_CASCADE_CHAINS    ; ON          ; AUTO_CASCADE                                                          ;
; IGNORE_CASCADE_BUFFERS ; OFF         ; IGNORE_CASCADE                                                        ;
; LPM_WIDTH              ; 4           ; Signed Integer                                                        ;
; LPM_DIRECTION          ; UP          ; Untyped                                                               ;
; LPM_MODULUS            ; 10          ; Signed Integer                                                        ;
; LPM_AVALUE             ; UNUSED      ; Untyped                                                               ;
; LPM_SVALUE             ; UNUSED      ; Untyped                                                               ;
; LPM_PORT_UPDOWN        ; PORT_UNUSED ; Untyped                                                               ;
; DEVICE_FAMILY          ; Cyclone II  ; Untyped                                                               ;
; CARRY_CHAIN            ; MANUAL      ; Untyped                                                               ;
; CARRY_CHAIN_LENGTH     ; 48          ; CARRY_CHAIN_LENGTH                                                    ;
; NOT_GATE_PUSH_BACK     ; ON          ; NOT_GATE_PUSH_BACK                                                    ;
; CARRY_CNT_EN           ; SMART       ; Untyped                                                               ;
; LABWIDE_SCLR           ; ON          ; Untyped                                                               ;
; USE_NEW_VERSION        ; TRUE        ; Untyped                                                               ;
; CBXI_PARAMETER         ; cntr_9ej    ; Untyped                                                               ;
+------------------------+-------------+-----------------------------------------------------------------------+
Note: In order to hide this table in the UI and the text report file, please set the "Show Parameter Settings in Synthesis Report" option in "Analysis and Synthesis Settings -> More Settings" to "Off".


+-------------------------------------------------------------------------------------------------------------+
; Parameter Settings for User Entity Instance: Hora:inst|lpm_counter1:inst3|lpm_counter:LPM_COUNTER_component ;
+------------------------+-------------+----------------------------------------------------------------------+
; Parameter Name         ; Value       ; Type                                                                 ;
+------------------------+-------------+----------------------------------------------------------------------+
; AUTO_CARRY_CHAINS      ; ON          ; AUTO_CARRY                                                           ;
; IGNORE_CARRY_BUFFERS   ; OFF         ; IGNORE_CARRY                                                         ;
; AUTO_CASCADE_CHAINS    ; ON          ; AUTO_CASCADE                                                         ;
; IGNORE_CASCADE_BUFFERS ; OFF         ; IGNORE_CASCADE                                                       ;
; LPM_WIDTH              ; 6           ; Signed Integer                                                       ;
; LPM_DIRECTION          ; UP          ; Untyped                                                              ;
; LPM_MODULUS            ; 60          ; Signed Integer                                                       ;
; LPM_AVALUE             ; UNUSED      ; Untyped                                                              ;
; LPM_SVALUE             ; UNUSED      ; Untyped                                                              ;
; LPM_PORT_UPDOWN        ; PORT_UNUSED ; Untyped                                                              ;
; DEVICE_FAMILY          ; Cyclone II  ; Untyped                                                              ;
; CARRY_CHAIN            ; MANUAL      ; Untyped                                                              ;
; CARRY_CHAIN_LENGTH     ; 48          ; CARRY_CHAIN_LENGTH                                                   ;
; NOT_GATE_PUSH_BACK     ; ON          ; NOT_GATE_PUSH_BACK                                                   ;
; CARRY_CNT_EN           ; SMART       ; Untyped                                                              ;
; LABWIDE_SCLR           ; ON          ; Untyped                                                              ;
; USE_NEW_VERSION        ; TRUE        ; Untyped                                                              ;
; CBXI_PARAMETER         ; cntr_e0j    ; Untyped                                                              ;
+------------------------+-------------+----------------------------------------------------------------------+
Note: In order to hide this table in the UI and the text report file, please set the "Show Parameter Settings in Synthesis Report" option in "Analysis and Synthesis Settings -> More Settings" to "Off".


+-------------------------------------------------------------------------------------------------------------+
; Parameter Settings for User Entity Instance: Hora:inst|lpm_counter1:inst2|lpm_counter:LPM_COUNTER_component ;
+------------------------+-------------+----------------------------------------------------------------------+
; Parameter Name         ; Value       ; Type                                                                 ;
+------------------------+-------------+----------------------------------------------------------------------+
; AUTO_CARRY_CHAINS      ; ON          ; AUTO_CARRY                                                           ;
; IGNORE_CARRY_BUFFERS   ; OFF         ; IGNORE_CARRY                                                         ;
; AUTO_CASCADE_CHAINS    ; ON          ; AUTO_CASCADE                                                         ;
; IGNORE_CASCADE_BUFFERS ; OFF         ; IGNORE_CASCADE                                                       ;
; LPM_WIDTH              ; 6           ; Signed Integer                                                       ;
; LPM_DIRECTION          ; UP          ; Untyped                                                              ;
; LPM_MODULUS            ; 60          ; Signed Integer                                                       ;
; LPM_AVALUE             ; UNUSED      ; Untyped                                                              ;
; LPM_SVALUE             ; UNUSED      ; Untyped                                                              ;
; LPM_PORT_UPDOWN        ; PORT_UNUSED ; Untyped                                                              ;
; DEVICE_FAMILY          ; Cyclone II  ; Untyped                                                              ;
; CARRY_CHAIN            ; MANUAL      ; Untyped                                                              ;
; CARRY_CHAIN_LENGTH     ; 48          ; CARRY_CHAIN_LENGTH                                                   ;
; NOT_GATE_PUSH_BACK     ; ON          ; NOT_GATE_PUSH_BACK                                                   ;
; CARRY_CNT_EN           ; SMART       ; Untyped                                                              ;
; LABWIDE_SCLR           ; ON          ; Untyped                                                              ;
; USE_NEW_VERSION        ; TRUE        ; Untyped                                                              ;
; CBXI_PARAMETER         ; cntr_e0j    ; Untyped                                                              ;
+------------------------+-------------+----------------------------------------------------------------------+
Note: In order to hide this table in the UI and the text report file, please set the "Show Parameter Settings in Synthesis Report" option in "Analysis and Synthesis Settings -> More Settings" to "Off".


+--------------------------------------------------------------------------------------------------------------+
; Parameter Settings for User Entity Instance: Hora:inst|lpm_counter50:inst1|lpm_counter:LPM_COUNTER_component ;
+------------------------+-------------+-----------------------------------------------------------------------+
; Parameter Name         ; Value       ; Type                                                                  ;
+------------------------+-------------+-----------------------------------------------------------------------+
; AUTO_CARRY_CHAINS      ; ON          ; AUTO_CARRY                                                            ;
; IGNORE_CARRY_BUFFERS   ; OFF         ; IGNORE_CARRY                                                          ;
; AUTO_CASCADE_CHAINS    ; ON          ; AUTO_CASCADE                                                          ;
; IGNORE_CASCADE_BUFFERS ; OFF         ; IGNORE_CASCADE                                                        ;
; LPM_WIDTH              ; 6           ; Signed Integer                                                        ;
; LPM_DIRECTION          ; UP          ; Untyped                                                               ;
; LPM_MODULUS            ; 50          ; Signed Integer                                                        ;
; LPM_AVALUE             ; UNUSED      ; Untyped                                                               ;
; LPM_SVALUE             ; UNUSED      ; Untyped                                                               ;
; LPM_PORT_UPDOWN        ; PORT_UNUSED ; Untyped                                                               ;
; DEVICE_FAMILY          ; Cyclone II  ; Untyped                                                               ;
; CARRY_CHAIN            ; MANUAL      ; Untyped                                                               ;
; CARRY_CHAIN_LENGTH     ; 48          ; CARRY_CHAIN_LENGTH                                                    ;
; NOT_GATE_PUSH_BACK     ; ON          ; NOT_GATE_PUSH_BACK                                                    ;
; CARRY_CNT_EN           ; SMART       ; Untyped                                                               ;
; LABWIDE_SCLR           ; ON          ; Untyped                                                               ;
; USE_NEW_VERSION        ; TRUE        ; Untyped                                                               ;
; CBXI_PARAMETER         ; cntr_d0j    ; Untyped                                                               ;
+------------------------+-------------+-----------------------------------------------------------------------+
Note: In order to hide this table in the UI and the text report file, please set the "Show Parameter Settings in Synthesis Report" option in "Analysis and Synthesis Settings -> More Settings" to "Off".


+-------------------------------------------------------------------------------------------------------------+
; Parameter Settings for User Entity Instance: Hora:inst|lpm_counter0:inst0|lpm_counter:LPM_COUNTER_component ;
+------------------------+-------------+----------------------------------------------------------------------+
; Parameter Name         ; Value       ; Type                                                                 ;
+------------------------+-------------+----------------------------------------------------------------------+
; AUTO_CARRY_CHAINS      ; ON          ; AUTO_CARRY                                                           ;
; IGNORE_CARRY_BUFFERS   ; OFF         ; IGNORE_CARRY                                                         ;
; AUTO_CASCADE_CHAINS    ; ON          ; AUTO_CASCADE                                                         ;
; IGNORE_CASCADE_BUFFERS ; OFF         ; IGNORE_CASCADE                                                       ;
; LPM_WIDTH              ; 20          ; Signed Integer                                                       ;
; LPM_DIRECTION          ; UP          ; Untyped                                                              ;
; LPM_MODULUS            ; 560000      ; Signed Integer                                                       ;
; LPM_AVALUE             ; UNUSED      ; Untyped                                                              ;
; LPM_SVALUE             ; UNUSED      ; Untyped                                                              ;
; LPM_PORT_UPDOWN        ; PORT_UNUSED ; Untyped                                                              ;
; DEVICE_FAMILY          ; Cyclone II  ; Untyped                                                              ;
; CARRY_CHAIN            ; MANUAL      ; Untyped                                                              ;
; CARRY_CHAIN_LENGTH     ; 48          ; CARRY_CHAIN_LENGTH                                                   ;
; NOT_GATE_PUSH_BACK     ; ON          ; NOT_GATE_PUSH_BACK                                                   ;
; CARRY_CNT_EN           ; SMART       ; Untyped                                                              ;
; LABWIDE_SCLR           ; ON          ; Untyped                                                              ;
; USE_NEW_VERSION        ; TRUE        ; Untyped                                                              ;
; CBXI_PARAMETER         ; cntr_v7j    ; Untyped                                                              ;
+------------------------+-------------+----------------------------------------------------------------------+
Note: In order to hide this table in the UI and the text report file, please set the "Show Parameter Settings in Synthesis Report" option in "Analysis and Synthesis Settings -> More Settings" to "Off".


+-------------------------------------------------------------------------------------------------------------+
; Parameter Settings for User Entity Instance: Hora:inst|lpm_counter2:inst6|lpm_counter:LPM_COUNTER_component ;
+------------------------+-------------+----------------------------------------------------------------------+
; Parameter Name         ; Value       ; Type                                                                 ;
+------------------------+-------------+----------------------------------------------------------------------+
; AUTO_CARRY_CHAINS      ; ON          ; AUTO_CARRY                                                           ;
; IGNORE_CARRY_BUFFERS   ; OFF         ; IGNORE_CARRY                                                         ;
; AUTO_CASCADE_CHAINS    ; ON          ; AUTO_CASCADE                                                         ;
; IGNORE_CASCADE_BUFFERS ; OFF         ; IGNORE_CASCADE                                                       ;
; LPM_WIDTH              ; 3           ; Signed Integer                                                       ;
; LPM_DIRECTION          ; UP          ; Untyped                                                              ;
; LPM_MODULUS            ; 6           ; Signed Integer                                                       ;
; LPM_AVALUE             ; UNUSED      ; Untyped                                                              ;
; LPM_SVALUE             ; UNUSED      ; Untyped                                                              ;
; LPM_PORT_UPDOWN        ; PORT_UNUSED ; Untyped                                                              ;
; DEVICE_FAMILY          ; Cyclone II  ; Untyped                                                              ;
; CARRY_CHAIN            ; MANUAL      ; Untyped                                                              ;
; CARRY_CHAIN_LENGTH     ; 48          ; CARRY_CHAIN_LENGTH                                                   ;
; NOT_GATE_PUSH_BACK     ; ON          ; NOT_GATE_PUSH_BACK                                                   ;
; CARRY_CNT_EN           ; SMART       ; Untyped                                                              ;
; LABWIDE_SCLR           ; ON          ; Untyped                                                              ;
; USE_NEW_VERSION        ; TRUE        ; Untyped                                                              ;
; CBXI_PARAMETER         ; cntr_rui    ; Untyped                                                              ;
+------------------------+-------------+----------------------------------------------------------------------+
Note: In order to hide this table in the UI and the text report file, please set the "Show Parameter Settings in Synthesis Report" option in "Analysis and Synthesis Settings -> More Settings" to "Off".


+-------------------------------------------------------------------------------------------------------------+
; Parameter Settings for User Entity Instance: Hora:inst|lpm_counter3:inst7|lpm_counter:LPM_COUNTER_component ;
+------------------------+-------------+----------------------------------------------------------------------+
; Parameter Name         ; Value       ; Type                                                                 ;
+------------------------+-------------+----------------------------------------------------------------------+
; AUTO_CARRY_CHAINS      ; ON          ; AUTO_CARRY                                                           ;
; IGNORE_CARRY_BUFFERS   ; OFF         ; IGNORE_CARRY                                                         ;
; AUTO_CASCADE_CHAINS    ; ON          ; AUTO_CASCADE                                                         ;
; IGNORE_CASCADE_BUFFERS ; OFF         ; IGNORE_CASCADE                                                       ;
; LPM_WIDTH              ; 4           ; Signed Integer                                                       ;
; LPM_DIRECTION          ; UP          ; Untyped                                                              ;
; LPM_MODULUS            ; 10          ; Signed Integer                                                       ;
; LPM_AVALUE             ; UNUSED      ; Untyped                                                              ;
; LPM_SVALUE             ; UNUSED      ; Untyped                                                              ;
; LPM_PORT_UPDOWN        ; PORT_UNUSED ; Untyped                                                              ;
; DEVICE_FAMILY          ; Cyclone II  ; Untyped                                                              ;
; CARRY_CHAIN            ; MANUAL      ; Untyped                                                              ;
; CARRY_CHAIN_LENGTH     ; 48          ; CARRY_CHAIN_LENGTH                                                   ;
; NOT_GATE_PUSH_BACK     ; ON          ; NOT_GATE_PUSH_BACK                                                   ;
; CARRY_CNT_EN           ; SMART       ; Untyped                                                              ;
; LABWIDE_SCLR           ; ON          ; Untyped                                                              ;
; USE_NEW_VERSION        ; TRUE        ; Untyped                                                              ;
; CBXI_PARAMETER         ; cntr_70j    ; Untyped                                                              ;
+------------------------+-------------+----------------------------------------------------------------------+
Note: In order to hide this table in the UI and the text report file, please set the "Show Parameter Settings in Synthesis Report" option in "Analysis and Synthesis Settings -> More Settings" to "Off".


+-------------------------------------------------------------------------------------------------------------+
; Parameter Settings for User Entity Instance: Hora:inst|lpm_counter2:inst4|lpm_counter:LPM_COUNTER_component ;
+------------------------+-------------+----------------------------------------------------------------------+
; Parameter Name         ; Value       ; Type                                                                 ;
+------------------------+-------------+----------------------------------------------------------------------+
; AUTO_CARRY_CHAINS      ; ON          ; AUTO_CARRY                                                           ;
; IGNORE_CARRY_BUFFERS   ; OFF         ; IGNORE_CARRY                                                         ;
; AUTO_CASCADE_CHAINS    ; ON          ; AUTO_CASCADE                                                         ;
; IGNORE_CASCADE_BUFFERS ; OFF         ; IGNORE_CASCADE                                                       ;
; LPM_WIDTH              ; 3           ; Signed Integer                                                       ;
; LPM_DIRECTION          ; UP          ; Untyped                                                              ;
; LPM_MODULUS            ; 6           ; Signed Integer                                                       ;
; LPM_AVALUE             ; UNUSED      ; Untyped                                                              ;
; LPM_SVALUE             ; UNUSED      ; Untyped                                                              ;
; LPM_PORT_UPDOWN        ; PORT_UNUSED ; Untyped                                                              ;
; DEVICE_FAMILY          ; Cyclone II  ; Untyped                                                              ;
; CARRY_CHAIN            ; MANUAL      ; Untyped                                                              ;
; CARRY_CHAIN_LENGTH     ; 48          ; CARRY_CHAIN_LENGTH                                                   ;
; NOT_GATE_PUSH_BACK     ; ON          ; NOT_GATE_PUSH_BACK                                                   ;
; CARRY_CNT_EN           ; SMART       ; Untyped                                                              ;
; LABWIDE_SCLR           ; ON          ; Untyped                                                              ;
; USE_NEW_VERSION        ; TRUE        ; Untyped                                                              ;
; CBXI_PARAMETER         ; cntr_rui    ; Untyped                                                              ;
+------------------------+-------------+----------------------------------------------------------------------+
Note: In order to hide this table in the UI and the text report file, please set the "Show Parameter Settings in Synthesis Report" option in "Analysis and Synthesis Settings -> More Settings" to "Off".


+-------------------------------------------------------------------------------------------------------------+
; Parameter Settings for User Entity Instance: Hora:inst|lpm_counter3:inst5|lpm_counter:LPM_COUNTER_component ;
+------------------------+-------------+----------------------------------------------------------------------+
; Parameter Name         ; Value       ; Type                                                                 ;
+------------------------+-------------+----------------------------------------------------------------------+
; AUTO_CARRY_CHAINS      ; ON          ; AUTO_CARRY                                                           ;
; IGNORE_CARRY_BUFFERS   ; OFF         ; IGNORE_CARRY                                                         ;
; AUTO_CASCADE_CHAINS    ; ON          ; AUTO_CASCADE                                                         ;
; IGNORE_CASCADE_BUFFERS ; OFF         ; IGNORE_CASCADE                                                       ;
; LPM_WIDTH              ; 4           ; Signed Integer                                                       ;
; LPM_DIRECTION          ; UP          ; Untyped                                                              ;
; LPM_MODULUS            ; 10          ; Signed Integer                                                       ;
; LPM_AVALUE             ; UNUSED      ; Untyped                                                              ;
; LPM_SVALUE             ; UNUSED      ; Untyped                                                              ;
; LPM_PORT_UPDOWN        ; PORT_UNUSED ; Untyped                                                              ;
; DEVICE_FAMILY          ; Cyclone II  ; Untyped                                                              ;
; CARRY_CHAIN            ; MANUAL      ; Untyped                                                              ;
; CARRY_CHAIN_LENGTH     ; 48          ; CARRY_CHAIN_LENGTH                                                   ;
; NOT_GATE_PUSH_BACK     ; ON          ; NOT_GATE_PUSH_BACK                                                   ;
; CARRY_CNT_EN           ; SMART       ; Untyped                                                              ;
; LABWIDE_SCLR           ; ON          ; Untyped                                                              ;
; USE_NEW_VERSION        ; TRUE        ; Untyped                                                              ;
; CBXI_PARAMETER         ; cntr_70j    ; Untyped                                                              ;
+------------------------+-------------+----------------------------------------------------------------------+
Note: In order to hide this table in the UI and the text report file, please set the "Show Parameter Settings in Synthesis Report" option in "Analysis and Synthesis Settings -> More Settings" to "Off".


+--------------------------------------------------------------------------+
; Parameter Settings for User Entity Instance: reg7seg:inst14|LPM_DFF:inst ;
+------------------------+------------+------------------------------------+
; Parameter Name         ; Value      ; Type                               ;
+------------------------+------------+------------------------------------+
; LPM_WIDTH              ; 7          ; Signed Integer                     ;
; LPM_AVALUE             ; 0          ; Untyped                            ;
; LPM_SVALUE             ; 0          ; Untyped                            ;
; DEVICE_FAMILY          ; Cyclone II ; Untyped                            ;
; AUTO_CARRY_CHAINS      ; ON         ; AUTO_CARRY                         ;
; IGNORE_CARRY_BUFFERS   ; OFF        ; IGNORE_CARRY                       ;
; AUTO_CASCADE_CHAINS    ; ON         ; AUTO_CASCADE                       ;
; IGNORE_CASCADE_BUFFERS ; OFF        ; IGNORE_CASCADE                     ;
+------------------------+------------+------------------------------------+
Note: In order to hide this table in the UI and the text report file, please set the "Show Parameter Settings in Synthesis Report" option in "Analysis and Synthesis Settings -> More Settings" to "Off".


+----------------------------------------------------------------------------------------------------------------+
; Parameter Settings for User Entity Instance: Alarma:inst7|lpm_counter8:inst2|lpm_counter:LPM_COUNTER_component ;
+------------------------+-------------+-------------------------------------------------------------------------+
; Parameter Name         ; Value       ; Type                                                                    ;
+------------------------+-------------+-------------------------------------------------------------------------+
; AUTO_CARRY_CHAINS      ; ON          ; AUTO_CARRY                                                              ;
; IGNORE_CARRY_BUFFERS   ; OFF         ; IGNORE_CARRY                                                            ;
; AUTO_CASCADE_CHAINS    ; ON          ; AUTO_CASCADE                                                            ;
; IGNORE_CASCADE_BUFFERS ; OFF         ; IGNORE_CASCADE                                                          ;
; LPM_WIDTH              ; 3           ; Signed Integer                                                          ;
; LPM_DIRECTION          ; UP          ; Untyped                                                                 ;
; LPM_MODULUS            ; 6           ; Signed Integer                                                          ;
; LPM_AVALUE             ; UNUSED      ; Untyped                                                                 ;
; LPM_SVALUE             ; UNUSED      ; Untyped                                                                 ;
; LPM_PORT_UPDOWN        ; PORT_UNUSED ; Untyped                                                                 ;
; DEVICE_FAMILY          ; Cyclone II  ; Untyped                                                                 ;
; CARRY_CHAIN            ; MANUAL      ; Untyped                                                                 ;
; CARRY_CHAIN_LENGTH     ; 48          ; CARRY_CHAIN_LENGTH                                                      ;
; NOT_GATE_PUSH_BACK     ; ON          ; NOT_GATE_PUSH_BACK                                                      ;
; CARRY_CNT_EN           ; SMART       ; Untyped                                                                 ;
; LABWIDE_SCLR           ; ON          ; Untyped                                                                 ;
; USE_NEW_VERSION        ; TRUE        ; Untyped                                                                 ;
; CBXI_PARAMETER         ; cntr_rui    ; Untyped                                                                 ;
+------------------------+-------------+-------------------------------------------------------------------------+
Note: In order to hide this table in the UI and the text report file, please set the "Show Parameter Settings in Synthesis Report" option in "Analysis and Synthesis Settings -> More Settings" to "Off".


+---------------------------------------------------------------------------------------------------------------+
; Parameter Settings for User Entity Instance: Alarma:inst7|lpm_counter7:inst|lpm_counter:LPM_COUNTER_component ;
+------------------------+-------------+------------------------------------------------------------------------+
; Parameter Name         ; Value       ; Type                                                                   ;
+------------------------+-------------+------------------------------------------------------------------------+
; AUTO_CARRY_CHAINS      ; ON          ; AUTO_CARRY                                                             ;
; IGNORE_CARRY_BUFFERS   ; OFF         ; IGNORE_CARRY                                                           ;
; AUTO_CASCADE_CHAINS    ; ON          ; AUTO_CASCADE                                                           ;
; IGNORE_CASCADE_BUFFERS ; OFF         ; IGNORE_CASCADE                                                         ;
; LPM_WIDTH              ; 4           ; Signed Integer                                                         ;
; LPM_DIRECTION          ; UP          ; Untyped                                                                ;
; LPM_MODULUS            ; 11          ; Signed Integer                                                         ;
; LPM_AVALUE             ; UNUSED      ; Untyped                                                                ;
; LPM_SVALUE             ; UNUSED      ; Untyped                                                                ;
; LPM_PORT_UPDOWN        ; PORT_UNUSED ; Untyped                                                                ;
; DEVICE_FAMILY          ; Cyclone II  ; Untyped                                                                ;
; CARRY_CHAIN            ; MANUAL      ; Untyped                                                                ;
; CARRY_CHAIN_LENGTH     ; 48          ; CARRY_CHAIN_LENGTH                                                     ;
; NOT_GATE_PUSH_BACK     ; ON          ; NOT_GATE_PUSH_BACK                                                     ;
; CARRY_CNT_EN           ; SMART       ; Untyped                                                                ;
; LABWIDE_SCLR           ; ON          ; Untyped                                                                ;
; USE_NEW_VERSION        ; TRUE        ; Untyped                                                                ;
; CBXI_PARAMETER         ; cntr_aej    ; Untyped                                                                ;
+------------------------+-------------+------------------------------------------------------------------------+
Note: In order to hide this table in the UI and the text report file, please set the "Show Parameter Settings in Synthesis Report" option in "Analysis and Synthesis Settings -> More Settings" to "Off".


+-----------------------------------------------------------------------------------------------------------------+
; Parameter Settings for User Entity Instance: Alarma:inst7|lpm_counter10:inst9|lpm_counter:LPM_COUNTER_component ;
+------------------------+-------------+--------------------------------------------------------------------------+
; Parameter Name         ; Value       ; Type                                                                     ;
+------------------------+-------------+--------------------------------------------------------------------------+
; AUTO_CARRY_CHAINS      ; ON          ; AUTO_CARRY                                                               ;
; IGNORE_CARRY_BUFFERS   ; OFF         ; IGNORE_CARRY                                                             ;
; AUTO_CASCADE_CHAINS    ; ON          ; AUTO_CASCADE                                                             ;
; IGNORE_CASCADE_BUFFERS ; OFF         ; IGNORE_CASCADE                                                           ;
; LPM_WIDTH              ; 2           ; Signed Integer                                                           ;
; LPM_DIRECTION          ; UP          ; Untyped                                                                  ;
; LPM_MODULUS            ; 3           ; Signed Integer                                                           ;
; LPM_AVALUE             ; UNUSED      ; Untyped                                                                  ;
; LPM_SVALUE             ; UNUSED      ; Untyped                                                                  ;
; LPM_PORT_UPDOWN        ; PORT_UNUSED ; Untyped                                                                  ;
; DEVICE_FAMILY          ; Cyclone II  ; Untyped                                                                  ;
; CARRY_CHAIN            ; MANUAL      ; Untyped                                                                  ;
; CARRY_CHAIN_LENGTH     ; 48          ; CARRY_CHAIN_LENGTH                                                       ;
; NOT_GATE_PUSH_BACK     ; ON          ; NOT_GATE_PUSH_BACK                                                       ;
; CARRY_CNT_EN           ; SMART       ; Untyped                                                                  ;
; LABWIDE_SCLR           ; ON          ; Untyped                                                                  ;
; USE_NEW_VERSION        ; TRUE        ; Untyped                                                                  ;
; CBXI_PARAMETER         ; cntr_pcj    ; Untyped                                                                  ;
+------------------------+-------------+--------------------------------------------------------------------------+
Note: In order to hide this table in the UI and the text report file, please set the "Show Parameter Settings in Synthesis Report" option in "Analysis and Synthesis Settings -> More Settings" to "Off".


+----------------------------------------------------------------------------------------------------------------+
; Parameter Settings for User Entity Instance: Alarma:inst7|lpm_counter9:inst5|lpm_counter:LPM_COUNTER_component ;
+------------------------+-------------+-------------------------------------------------------------------------+
; Parameter Name         ; Value       ; Type                                                                    ;
+------------------------+-------------+-------------------------------------------------------------------------+
; AUTO_CARRY_CHAINS      ; ON          ; AUTO_CARRY                                                              ;
; IGNORE_CARRY_BUFFERS   ; OFF         ; IGNORE_CARRY                                                            ;
; AUTO_CASCADE_CHAINS    ; ON          ; AUTO_CASCADE                                                            ;
; IGNORE_CASCADE_BUFFERS ; OFF         ; IGNORE_CASCADE                                                          ;
; LPM_WIDTH              ; 4           ; Signed Integer                                                          ;
; LPM_DIRECTION          ; UP          ; Untyped                                                                 ;
; LPM_MODULUS            ; 11          ; Signed Integer                                                          ;
; LPM_AVALUE             ; UNUSED      ; Untyped                                                                 ;
; LPM_SVALUE             ; UNUSED      ; Untyped                                                                 ;
; LPM_PORT_UPDOWN        ; PORT_UNUSED ; Untyped                                                                 ;
; DEVICE_FAMILY          ; Cyclone II  ; Untyped                                                                 ;
; CARRY_CHAIN            ; MANUAL      ; Untyped                                                                 ;
; CARRY_CHAIN_LENGTH     ; 48          ; CARRY_CHAIN_LENGTH                                                      ;
; NOT_GATE_PUSH_BACK     ; ON          ; NOT_GATE_PUSH_BACK                                                      ;
; CARRY_CNT_EN           ; SMART       ; Untyped                                                                 ;
; LABWIDE_SCLR           ; ON          ; Untyped                                                                 ;
; USE_NEW_VERSION        ; TRUE        ; Untyped                                                                 ;
; CBXI_PARAMETER         ; cntr_aej    ; Untyped                                                                 ;
+------------------------+-------------+-------------------------------------------------------------------------+
Note: In order to hide this table in the UI and the text report file, please set the "Show Parameter Settings in Synthesis Report" option in "Analysis and Synthesis Settings -> More Settings" to "Off".


+-------------------------------------------------------------------------+
; Parameter Settings for User Entity Instance: reg7seg:inst5|LPM_DFF:inst ;
+------------------------+------------+-----------------------------------+
; Parameter Name         ; Value      ; Type                              ;
+------------------------+------------+-----------------------------------+
; LPM_WIDTH              ; 7          ; Signed Integer                    ;
; LPM_AVALUE             ; 0          ; Untyped                           ;
; LPM_SVALUE             ; 0          ; Untyped                           ;
; DEVICE_FAMILY          ; Cyclone II ; Untyped                           ;
; AUTO_CARRY_CHAINS      ; ON         ; AUTO_CARRY                        ;
; IGNORE_CARRY_BUFFERS   ; OFF        ; IGNORE_CARRY                      ;
; AUTO_CASCADE_CHAINS    ; ON         ; AUTO_CASCADE                      ;
; IGNORE_CASCADE_BUFFERS ; OFF        ; IGNORE_CASCADE                    ;
+------------------------+------------+-----------------------------------+
Note: In order to hide this table in the UI and the text report file, please set the "Show Parameter Settings in Synthesis Report" option in "Analysis and Synthesis Settings -> More Settings" to "Off".


+--------------------------------------------------------------------------+
; Parameter Settings for User Entity Instance: reg7seg:inst12|LPM_DFF:inst ;
+------------------------+------------+------------------------------------+
; Parameter Name         ; Value      ; Type                               ;
+------------------------+------------+------------------------------------+
; LPM_WIDTH              ; 7          ; Signed Integer                     ;
; LPM_AVALUE             ; 0          ; Untyped                            ;
; LPM_SVALUE             ; 0          ; Untyped                            ;
; DEVICE_FAMILY          ; Cyclone II ; Untyped                            ;
; AUTO_CARRY_CHAINS      ; ON         ; AUTO_CARRY                         ;
; IGNORE_CARRY_BUFFERS   ; OFF        ; IGNORE_CARRY                       ;
; AUTO_CASCADE_CHAINS    ; ON         ; AUTO_CASCADE                       ;
; IGNORE_CASCADE_BUFFERS ; OFF        ; IGNORE_CASCADE                     ;
+------------------------+------------+------------------------------------+
Note: In order to hide this table in the UI and the text report file, please set the "Show Parameter Settings in Synthesis Report" option in "Analysis and Synthesis Settings -> More Settings" to "Off".


+-------------------------------------------------------------------------+
; Parameter Settings for User Entity Instance: reg7seg:inst4|LPM_DFF:inst ;
+------------------------+------------+-----------------------------------+
; Parameter Name         ; Value      ; Type                              ;
+------------------------+------------+-----------------------------------+
; LPM_WIDTH              ; 7          ; Signed Integer                    ;
; LPM_AVALUE             ; 0          ; Untyped                           ;
; LPM_SVALUE             ; 0          ; Untyped                           ;
; DEVICE_FAMILY          ; Cyclone II ; Untyped                           ;
; AUTO_CARRY_CHAINS      ; ON         ; AUTO_CARRY                        ;
; IGNORE_CARRY_BUFFERS   ; OFF        ; IGNORE_CARRY                      ;
; AUTO_CASCADE_CHAINS    ; ON         ; AUTO_CASCADE                      ;
; IGNORE_CASCADE_BUFFERS ; OFF        ; IGNORE_CASCADE                    ;
+------------------------+------------+-----------------------------------+
Note: In order to hide this table in the UI and the text report file, please set the "Show Parameter Settings in Synthesis Report" option in "Analysis and Synthesis Settings -> More Settings" to "Off".


+--------------------------------------------------------------------------+
; Parameter Settings for User Entity Instance: reg7seg:inst10|LPM_DFF:inst ;
+------------------------+------------+------------------------------------+
; Parameter Name         ; Value      ; Type                               ;
+------------------------+------------+------------------------------------+
; LPM_WIDTH              ; 7          ; Signed Integer                     ;
; LPM_AVALUE             ; 0          ; Untyped                            ;
; LPM_SVALUE             ; 0          ; Untyped                            ;
; DEVICE_FAMILY          ; Cyclone II ; Untyped                            ;
; AUTO_CARRY_CHAINS      ; ON         ; AUTO_CARRY                         ;
; IGNORE_CARRY_BUFFERS   ; OFF        ; IGNORE_CARRY                       ;
; AUTO_CASCADE_CHAINS    ; ON         ; AUTO_CASCADE                       ;
; IGNORE_CASCADE_BUFFERS ; OFF        ; IGNORE_CASCADE                     ;
+------------------------+------------+------------------------------------+
Note: In order to hide this table in the UI and the text report file, please set the "Show Parameter Settings in Synthesis Report" option in "Analysis and Synthesis Settings -> More Settings" to "Off".


+-------------------------------------------------------------------------+
; Parameter Settings for User Entity Instance: reg7seg:inst3|LPM_DFF:inst ;
+------------------------+------------+-----------------------------------+
; Parameter Name         ; Value      ; Type                              ;
+------------------------+------------+-----------------------------------+
; LPM_WIDTH              ; 7          ; Signed Integer                    ;
; LPM_AVALUE             ; 0          ; Untyped                           ;
; LPM_SVALUE             ; 0          ; Untyped                           ;
; DEVICE_FAMILY          ; Cyclone II ; Untyped                           ;
; AUTO_CARRY_CHAINS      ; ON         ; AUTO_CARRY                        ;
; IGNORE_CARRY_BUFFERS   ; OFF        ; IGNORE_CARRY                      ;
; AUTO_CASCADE_CHAINS    ; ON         ; AUTO_CASCADE                      ;
; IGNORE_CASCADE_BUFFERS ; OFF        ; IGNORE_CASCADE                    ;
+------------------------+------------+-----------------------------------+
Note: In order to hide this table in the UI and the text report file, please set the "Show Parameter Settings in Synthesis Report" option in "Analysis and Synthesis Settings -> More Settings" to "Off".


+-------------------------------------------------------------------------+
; Parameter Settings for User Entity Instance: reg7seg:inst8|LPM_DFF:inst ;
+------------------------+------------+-----------------------------------+
; Parameter Name         ; Value      ; Type                              ;
+------------------------+------------+-----------------------------------+
; LPM_WIDTH              ; 7          ; Signed Integer                    ;
; LPM_AVALUE             ; 0          ; Untyped                           ;
; LPM_SVALUE             ; 0          ; Untyped                           ;
; DEVICE_FAMILY          ; Cyclone II ; Untyped                           ;
; AUTO_CARRY_CHAINS      ; ON         ; AUTO_CARRY                        ;
; IGNORE_CARRY_BUFFERS   ; OFF        ; IGNORE_CARRY                      ;
; AUTO_CASCADE_CHAINS    ; ON         ; AUTO_CASCADE                      ;
; IGNORE_CASCADE_BUFFERS ; OFF        ; IGNORE_CASCADE                    ;
+------------------------+------------+-----------------------------------+
Note: In order to hide this table in the UI and the text report file, please set the "Show Parameter Settings in Synthesis Report" option in "Analysis and Synthesis Settings -> More Settings" to "Off".


+-------------------------------------------------------------------------+
; Parameter Settings for User Entity Instance: reg7seg:inst2|LPM_DFF:inst ;
+------------------------+------------+-----------------------------------+
; Parameter Name         ; Value      ; Type                              ;
+------------------------+------------+-----------------------------------+
; LPM_WIDTH              ; 7          ; Signed Integer                    ;
; LPM_AVALUE             ; 0          ; Untyped                           ;
; LPM_SVALUE             ; 0          ; Untyped                           ;
; DEVICE_FAMILY          ; Cyclone II ; Untyped                           ;
; AUTO_CARRY_CHAINS      ; ON         ; AUTO_CARRY                        ;
; IGNORE_CARRY_BUFFERS   ; OFF        ; IGNORE_CARRY                      ;
; AUTO_CASCADE_CHAINS    ; ON         ; AUTO_CASCADE                      ;
; IGNORE_CASCADE_BUFFERS ; OFF        ; IGNORE_CASCADE                    ;
+------------------------+------------+-----------------------------------+
Note: In order to hide this table in the UI and the text report file, please set the "Show Parameter Settings in Synthesis Report" option in "Analysis and Synthesis Settings -> More Settings" to "Off".


+-------------------------------------------------------------------------+
; Parameter Settings for User Entity Instance: reg7seg:inst1|LPM_DFF:inst ;
+------------------------+------------+-----------------------------------+
; Parameter Name         ; Value      ; Type                              ;
+------------------------+------------+-----------------------------------+
; LPM_WIDTH              ; 7          ; Signed Integer                    ;
; LPM_AVALUE             ; 0          ; Untyped                           ;
; LPM_SVALUE             ; 0          ; Untyped                           ;
; DEVICE_FAMILY          ; Cyclone II ; Untyped                           ;
; AUTO_CARRY_CHAINS      ; ON         ; AUTO_CARRY                        ;
; IGNORE_CARRY_BUFFERS   ; OFF        ; IGNORE_CARRY                      ;
; AUTO_CASCADE_CHAINS    ; ON         ; AUTO_CASCADE                      ;
; IGNORE_CASCADE_BUFFERS ; OFF        ; IGNORE_CASCADE                    ;
+------------------------+------------+-----------------------------------+
Note: In order to hide this table in the UI and the text report file, please set the "Show Parameter Settings in Synthesis Report" option in "Analysis and Synthesis Settings -> More Settings" to "Off".


+-------------------------------+
; Elapsed Time Per Partition    ;
+----------------+--------------+
; Partition Name ; Elapsed Time ;
+----------------+--------------+
; Top            ; 00:00:00     ;
+----------------+--------------+


+-------------------------------+
; Analysis & Synthesis Messages ;
+-------------------------------+
Info: *******************************************************************
Info: Running Quartus II 64-Bit Analysis & Synthesis
    Info: Version 13.0.1 Build 232 06/12/2013 Service Pack 1 SJ Web Edition
    Info: Processing started: Tue Apr 25 22:16:22 2023
Info: Command: quartus_map --read_settings_files=on --write_settings_files=off labII -c labII
Warning (20028): Parallel compilation is not licensed and has been disabled
Info (12021): Found 2 design units, including 1 entities, in source file lpm_counter0.vhd
    Info (12022): Found design unit 1: lpm_counter0-SYN
    Info (12023): Found entity 1: lpm_counter0
Info (12021): Found 2 design units, including 1 entities, in source file lpm_counter50.vhd
    Info (12022): Found design unit 1: lpm_counter50-SYN
    Info (12023): Found entity 1: lpm_counter50
Info (12021): Found 2 design units, including 1 entities, in source file lpm_counter1.vhd
    Info (12022): Found design unit 1: lpm_counter1-SYN
    Info (12023): Found entity 1: lpm_counter1
Info (12021): Found 2 design units, including 1 entities, in source file lpm_counter2.vhd
    Info (12022): Found design unit 1: lpm_counter2-SYN
    Info (12023): Found entity 1: lpm_counter2
Info (12021): Found 2 design units, including 1 entities, in source file lpm_counter3.vhd
    Info (12022): Found design unit 1: lpm_counter3-SYN
    Info (12023): Found entity 1: lpm_counter3
Info (12021): Found 2 design units, including 1 entities, in source file lpm_counter4.vhd
    Info (12022): Found design unit 1: lpm_counter4-SYN
    Info (12023): Found entity 1: lpm_counter4
Info (12021): Found 2 design units, including 1 entities, in source file lpm_counter5.vhd
    Info (12022): Found design unit 1: lpm_counter5-SYN
    Info (12023): Found entity 1: lpm_counter5
Info (12021): Found 1 design units, including 1 entities, in source file labII.bdf
    Info (12023): Found entity 1: labII
Info (12021): Found 1 design units, including 1 entities, in source file reg7seg.bdf
    Info (12023): Found entity 1: reg7seg
Info (12021): Found 1 design units, including 1 entities, in source file Hora.bdf
    Info (12023): Found entity 1: Hora
Info (12021): Found 1 design units, including 1 entities, in source file Alarma.bdf
    Info (12023): Found entity 1: Alarma
Info (12021): Found 2 design units, including 1 entities, in source file lpm_counter6.vhd
    Info (12022): Found design unit 1: lpm_counter6-SYN
    Info (12023): Found entity 1: lpm_counter6
Info (12021): Found 2 design units, including 1 entities, in source file lpm_counter7.vhd
    Info (12022): Found design unit 1: lpm_counter7-SYN
    Info (12023): Found entity 1: lpm_counter7
Info (12021): Found 2 design units, including 1 entities, in source file lpm_counter8.vhd
    Info (12022): Found design unit 1: lpm_counter8-SYN
    Info (12023): Found entity 1: lpm_counter8
Info (12021): Found 2 design units, including 1 entities, in source file lpm_counter9.vhd
    Info (12022): Found design unit 1: lpm_counter9-SYN
    Info (12023): Found entity 1: lpm_counter9
Info (12021): Found 2 design units, including 1 entities, in source file lpm_counter10.vhd
    Info (12022): Found design unit 1: lpm_counter10-SYN
    Info (12023): Found entity 1: lpm_counter10
Info (12127): Elaborating entity "labII" for the top level hierarchy
Info (12128): Elaborating entity "reg7seg" for hierarchy "reg7seg:inst6"
Info (12128): Elaborating entity "LPM_DFF" for hierarchy "reg7seg:inst6|LPM_DFF:inst"
Info (12130): Elaborated megafunction instantiation "reg7seg:inst6|LPM_DFF:inst"
Info (12133): Instantiated megafunction "reg7seg:inst6|LPM_DFF:inst" with the following parameter:
    Info (12134): Parameter "LPM_WIDTH" = "7"
Info (12128): Elaborating entity "Hora" for hierarchy "Hora:inst"
Info (12128): Elaborating entity "7447" for hierarchy "Hora:inst|7447:inst60"
Info (12130): Elaborated megafunction instantiation "Hora:inst|7447:inst60"
Info (12128): Elaborating entity "lpm_counter5" for hierarchy "Hora:inst|lpm_counter5:inst9"
Info (12128): Elaborating entity "lpm_counter" for hierarchy "Hora:inst|lpm_counter5:inst9|lpm_counter:LPM_COUNTER_component"
Info (12130): Elaborated megafunction instantiation "Hora:inst|lpm_counter5:inst9|lpm_counter:LPM_COUNTER_component"
Info (12133): Instantiated megafunction "Hora:inst|lpm_counter5:inst9|lpm_counter:LPM_COUNTER_component" with the following parameter:
    Info (12134): Parameter "lpm_direction" = "UP"
    Info (12134): Parameter "lpm_modulus" = "3"
    Info (12134): Parameter "lpm_port_updown" = "PORT_UNUSED"
    Info (12134): Parameter "lpm_type" = "LPM_COUNTER"
    Info (12134): Parameter "lpm_width" = "2"
Info (12021): Found 1 design units, including 1 entities, in source file db/cntr_pcj.tdf
    Info (12023): Found entity 1: cntr_pcj
Info (12128): Elaborating entity "cntr_pcj" for hierarchy "Hora:inst|lpm_counter5:inst9|lpm_counter:LPM_COUNTER_component|cntr_pcj:auto_generated"
Info (12021): Found 1 design units, including 1 entities, in source file db/cmpr_6cc.tdf
    Info (12023): Found entity 1: cmpr_6cc
Info (12128): Elaborating entity "cmpr_6cc" for hierarchy "Hora:inst|lpm_counter5:inst9|lpm_counter:LPM_COUNTER_component|cntr_pcj:auto_generated|cmpr_6cc:cmpr3"
Info (12128): Elaborating entity "lpm_counter4" for hierarchy "Hora:inst|lpm_counter4:inst10"
Info (12128): Elaborating entity "lpm_counter" for hierarchy "Hora:inst|lpm_counter4:inst10|lpm_counter:LPM_COUNTER_component"
Info (12130): Elaborated megafunction instantiation "Hora:inst|lpm_counter4:inst10|lpm_counter:LPM_COUNTER_component"
Info (12133): Instantiated megafunction "Hora:inst|lpm_counter4:inst10|lpm_counter:LPM_COUNTER_component" with the following parameter:
    Info (12134): Parameter "lpm_direction" = "UP"
    Info (12134): Parameter "lpm_modulus" = "10"
    Info (12134): Parameter "lpm_port_updown" = "PORT_UNUSED"
    Info (12134): Parameter "lpm_type" = "LPM_COUNTER"
    Info (12134): Parameter "lpm_width" = "4"
Info (12021): Found 1 design units, including 1 entities, in source file db/cntr_9ej.tdf
    Info (12023): Found entity 1: cntr_9ej
Info (12128): Elaborating entity "cntr_9ej" for hierarchy "Hora:inst|lpm_counter4:inst10|lpm_counter:LPM_COUNTER_component|cntr_9ej:auto_generated"
Info (12021): Found 1 design units, including 1 entities, in source file db/cmpr_8cc.tdf
    Info (12023): Found entity 1: cmpr_8cc
Info (12128): Elaborating entity "cmpr_8cc" for hierarchy "Hora:inst|lpm_counter4:inst10|lpm_counter:LPM_COUNTER_component|cntr_9ej:auto_generated|cmpr_8cc:cmpr2"
Info (12128): Elaborating entity "lpm_counter1" for hierarchy "Hora:inst|lpm_counter1:inst3"
Info (12128): Elaborating entity "lpm_counter" for hierarchy "Hora:inst|lpm_counter1:inst3|lpm_counter:LPM_COUNTER_component"
Info (12130): Elaborated megafunction instantiation "Hora:inst|lpm_counter1:inst3|lpm_counter:LPM_COUNTER_component"
Info (12133): Instantiated megafunction "Hora:inst|lpm_counter1:inst3|lpm_counter:LPM_COUNTER_component" with the following parameter:
    Info (12134): Parameter "lpm_direction" = "UP"
    Info (12134): Parameter "lpm_modulus" = "60"
    Info (12134): Parameter "lpm_port_updown" = "PORT_UNUSED"
    Info (12134): Parameter "lpm_type" = "LPM_COUNTER"
    Info (12134): Parameter "lpm_width" = "6"
Info (12021): Found 1 design units, including 1 entities, in source file db/cntr_e0j.tdf
    Info (12023): Found entity 1: cntr_e0j
Info (12128): Elaborating entity "cntr_e0j" for hierarchy "Hora:inst|lpm_counter1:inst3|lpm_counter:LPM_COUNTER_component|cntr_e0j:auto_generated"
Info (12021): Found 1 design units, including 1 entities, in source file db/cmpr_acc.tdf
    Info (12023): Found entity 1: cmpr_acc
Info (12128): Elaborating entity "cmpr_acc" for hierarchy "Hora:inst|lpm_counter1:inst3|lpm_counter:LPM_COUNTER_component|cntr_e0j:auto_generated|cmpr_acc:cmpr2"
Info (12128): Elaborating entity "lpm_counter50" for hierarchy "Hora:inst|lpm_counter50:inst1"
Info (12128): Elaborating entity "lpm_counter" for hierarchy "Hora:inst|lpm_counter50:inst1|lpm_counter:LPM_COUNTER_component"
Info (12130): Elaborated megafunction instantiation "Hora:inst|lpm_counter50:inst1|lpm_counter:LPM_COUNTER_component"
Info (12133): Instantiated megafunction "Hora:inst|lpm_counter50:inst1|lpm_counter:LPM_COUNTER_component" with the following parameter:
    Info (12134): Parameter "lpm_direction" = "UP"
    Info (12134): Parameter "lpm_modulus" = "50"
    Info (12134): Parameter "lpm_port_updown" = "PORT_UNUSED"
    Info (12134): Parameter "lpm_type" = "LPM_COUNTER"
    Info (12134): Parameter "lpm_width" = "6"
Info (12021): Found 1 design units, including 1 entities, in source file db/cntr_d0j.tdf
    Info (12023): Found entity 1: cntr_d0j
Info (12128): Elaborating entity "cntr_d0j" for hierarchy "Hora:inst|lpm_counter50:inst1|lpm_counter:LPM_COUNTER_component|cntr_d0j:auto_generated"
Info (12128): Elaborating entity "lpm_counter0" for hierarchy "Hora:inst|lpm_counter0:inst0"
Info (12128): Elaborating entity "lpm_counter" for hierarchy "Hora:inst|lpm_counter0:inst0|lpm_counter:LPM_COUNTER_component"
Info (12130): Elaborated megafunction instantiation "Hora:inst|lpm_counter0:inst0|lpm_counter:LPM_COUNTER_component"
Info (12133): Instantiated megafunction "Hora:inst|lpm_counter0:inst0|lpm_counter:LPM_COUNTER_component" with the following parameter:
    Info (12134): Parameter "lpm_direction" = "UP"
    Info (12134): Parameter "lpm_modulus" = "560000"
    Info (12134): Parameter "lpm_port_updown" = "PORT_UNUSED"
    Info (12134): Parameter "lpm_type" = "LPM_COUNTER"
    Info (12134): Parameter "lpm_width" = "20"
Info (12021): Found 1 design units, including 1 entities, in source file db/cntr_v7j.tdf
    Info (12023): Found entity 1: cntr_v7j
Info (12128): Elaborating entity "cntr_v7j" for hierarchy "Hora:inst|lpm_counter0:inst0|lpm_counter:LPM_COUNTER_component|cntr_v7j:auto_generated"
Info (12021): Found 1 design units, including 1 entities, in source file db/cmpr_mdc.tdf
    Info (12023): Found entity 1: cmpr_mdc
Info (12128): Elaborating entity "cmpr_mdc" for hierarchy "Hora:inst|lpm_counter0:inst0|lpm_counter:LPM_COUNTER_component|cntr_v7j:auto_generated|cmpr_mdc:cmpr2"
Info (12128): Elaborating entity "lpm_counter2" for hierarchy "Hora:inst|lpm_counter2:inst6"
Info (12128): Elaborating entity "lpm_counter" for hierarchy "Hora:inst|lpm_counter2:inst6|lpm_counter:LPM_COUNTER_component"
Info (12130): Elaborated megafunction instantiation "Hora:inst|lpm_counter2:inst6|lpm_counter:LPM_COUNTER_component"
Info (12133): Instantiated megafunction "Hora:inst|lpm_counter2:inst6|lpm_counter:LPM_COUNTER_component" with the following parameter:
    Info (12134): Parameter "lpm_direction" = "UP"
    Info (12134): Parameter "lpm_modulus" = "6"
    Info (12134): Parameter "lpm_port_updown" = "PORT_UNUSED"
    Info (12134): Parameter "lpm_type" = "LPM_COUNTER"
    Info (12134): Parameter "lpm_width" = "3"
Info (12021): Found 1 design units, including 1 entities, in source file db/cntr_rui.tdf
    Info (12023): Found entity 1: cntr_rui
Info (12128): Elaborating entity "cntr_rui" for hierarchy "Hora:inst|lpm_counter2:inst6|lpm_counter:LPM_COUNTER_component|cntr_rui:auto_generated"
Info (12021): Found 1 design units, including 1 entities, in source file db/cmpr_7cc.tdf
    Info (12023): Found entity 1: cmpr_7cc
Info (12128): Elaborating entity "cmpr_7cc" for hierarchy "Hora:inst|lpm_counter2:inst6|lpm_counter:LPM_COUNTER_component|cntr_rui:auto_generated|cmpr_7cc:cmpr3"
Info (12128): Elaborating entity "lpm_counter3" for hierarchy "Hora:inst|lpm_counter3:inst7"
Info (12128): Elaborating entity "lpm_counter" for hierarchy "Hora:inst|lpm_counter3:inst7|lpm_counter:LPM_COUNTER_component"
Info (12130): Elaborated megafunction instantiation "Hora:inst|lpm_counter3:inst7|lpm_counter:LPM_COUNTER_component"
Info (12133): Instantiated megafunction "Hora:inst|lpm_counter3:inst7|lpm_counter:LPM_COUNTER_component" with the following parameter:
    Info (12134): Parameter "lpm_direction" = "UP"
    Info (12134): Parameter "lpm_modulus" = "10"
    Info (12134): Parameter "lpm_port_updown" = "PORT_UNUSED"
    Info (12134): Parameter "lpm_type" = "LPM_COUNTER"
    Info (12134): Parameter "lpm_width" = "4"
Info (12021): Found 1 design units, including 1 entities, in source file db/cntr_70j.tdf
    Info (12023): Found entity 1: cntr_70j
Info (12128): Elaborating entity "cntr_70j" for hierarchy "Hora:inst|lpm_counter3:inst7|lpm_counter:LPM_COUNTER_component|cntr_70j:auto_generated"
Info (12128): Elaborating entity "Alarma" for hierarchy "Alarma:inst7"
Info (12128): Elaborating entity "lpm_counter8" for hierarchy "Alarma:inst7|lpm_counter8:inst2"
Info (12128): Elaborating entity "lpm_counter7" for hierarchy "Alarma:inst7|lpm_counter7:inst"
Info (12128): Elaborating entity "lpm_counter" for hierarchy "Alarma:inst7|lpm_counter7:inst|lpm_counter:LPM_COUNTER_component"
Info (12130): Elaborated megafunction instantiation "Alarma:inst7|lpm_counter7:inst|lpm_counter:LPM_COUNTER_component"
Info (12133): Instantiated megafunction "Alarma:inst7|lpm_counter7:inst|lpm_counter:LPM_COUNTER_component" with the following parameter:
    Info (12134): Parameter "lpm_direction" = "UP"
    Info (12134): Parameter "lpm_modulus" = "11"
    Info (12134): Parameter "lpm_port_updown" = "PORT_UNUSED"
    Info (12134): Parameter "lpm_type" = "LPM_COUNTER"
    Info (12134): Parameter "lpm_width" = "4"
Info (12021): Found 1 design units, including 1 entities, in source file db/cntr_aej.tdf
    Info (12023): Found entity 1: cntr_aej
Info (12128): Elaborating entity "cntr_aej" for hierarchy "Alarma:inst7|lpm_counter7:inst|lpm_counter:LPM_COUNTER_component|cntr_aej:auto_generated"
Info (12128): Elaborating entity "lpm_counter10" for hierarchy "Alarma:inst7|lpm_counter10:inst9"
Info (12128): Elaborating entity "lpm_counter9" for hierarchy "Alarma:inst7|lpm_counter9:inst5"
Error (13076): The pin "disp_hour_dec[0]" has multiple drivers due to the always-enabled I/O buffer "reg7seg:inst6|inst7"
Error (13076): The pin "disp_hour_units[0]" has multiple drivers due to the always-enabled I/O buffer "reg7seg:inst5|inst7"
Error (13076): The pin "disp_min_dec[0]" has multiple drivers due to the always-enabled I/O buffer "reg7seg:inst4|inst7"
Error (13076): The pin "disp_min_units[0]" has multiple drivers due to the always-enabled I/O buffer "reg7seg:inst3|inst7"
Warning (13044): Always-enabled tri-state buffer(s) removed
    Warning (13045): Converted the fanout from the always-enabled tri-state buffer "reg7seg:inst2|inst7" to the node "disp_sec_dec[0]" into a wire
    Warning (13045): Converted the fanout from the always-enabled tri-state buffer "reg7seg:inst1|inst7" to the node "disp_sec_units[0]" into a wire
Error: Quartus II 64-Bit Analysis & Synthesis was unsuccessful. 4 errors, 4 warnings
    Error: Peak virtual memory: 630 megabytes
    Error: Processing ended: Tue Apr 25 22:16:24 2023
    Error: Elapsed time: 00:00:02
    Error: Total CPU time (on all processors): 00:00:02


